2025-03-14 11:49:46,563 - app.config - INFO - Logging configured with level: INFO, file: logs/app.log
2025-03-14 11:49:46,563 - app.history.manager - INFO - History Manager initialised
2025-03-14 11:49:46,568 - app.history.manager - INFO - History file not found, creating new file: history.csv
2025-03-14 11:49:46,568 - app.history.manager - INFO - History manager initialised successfully with history file: {self.history_file}
2025-03-14 11:49:46,569 - root - INFO - History Manager initialized
2025-03-14 11:49:46,569 - root - INFO - Starting Application
2025-03-14 11:49:46,569 - root - INFO - Loading Plugins
2025-03-14 11:49:46,573 - root - INFO - Registered command: AddCommand in plugin: add
2025-03-14 11:49:46,573 - root - INFO - Completed loading plugins
2025-03-14 11:49:46,575 - root - INFO - Registered command: DivideCommand in plugin: divide
2025-03-14 11:49:46,576 - root - INFO - Completed loading plugins
2025-03-14 11:49:46,577 - root - INFO - Registered command: ExitCommand in plugin: exit
2025-03-14 11:49:46,577 - root - INFO - Completed loading plugins
2025-03-14 11:49:46,579 - root - INFO - Registered command: GreetCommand in plugin: greet
2025-03-14 11:49:46,579 - root - INFO - Completed loading plugins
2025-03-14 11:49:46,584 - root - ERROR - Failed to load plugin: history
2025-03-14 11:49:46,586 - root - INFO - Registered command: MenuCommand in plugin: menu with command handler
2025-03-14 11:49:46,586 - root - INFO - Completed loading plugins
2025-03-14 11:49:46,588 - root - INFO - Registered command: MultiplyCommand in plugin: multiply
2025-03-14 11:49:46,588 - root - INFO - Completed loading plugins
2025-03-14 11:49:46,590 - root - INFO - Registered command: SubCommand in plugin: sub
2025-03-14 11:49:46,591 - root - INFO - Completed loading plugins
2025-03-14 11:49:59,284 - root - INFO - Exit command entered. Exiting the program
2025-03-14 12:26:35,714 - app.config - INFO - Logging configured with level: INFO, file: logs/app.log
2025-03-14 12:26:35,714 - app.history.manager - INFO - History Manager initialised
2025-03-14 12:26:35,718 - app.history.manager - INFO - History file not found, creating new file: 'history.csv'
2025-03-14 12:26:35,718 - app.history.manager - INFO - History manager initialised successfully with history file: {self.history_file}
2025-03-14 12:26:35,718 - root - INFO - History Manager initialized
2025-03-14 12:26:35,718 - root - INFO - Starting Application
2025-03-14 12:26:35,718 - root - INFO - Loading Plugins
2025-03-14 12:26:35,720 - root - INFO - Registered command: AddCommand in plugin: add
2025-03-14 12:26:35,720 - root - INFO - Completed loading plugins
2025-03-14 12:26:35,721 - root - INFO - Registered command: DivideCommand in plugin: divide
2025-03-14 12:26:35,721 - root - INFO - Completed loading plugins
2025-03-14 12:26:35,722 - root - INFO - Registered command: ExitCommand in plugin: exit
2025-03-14 12:26:35,722 - root - INFO - Completed loading plugins
2025-03-14 12:26:35,723 - root - INFO - Registered command: GreetCommand in plugin: greet
2025-03-14 12:26:35,723 - root - INFO - Completed loading plugins
2025-03-14 12:26:35,725 - root - ERROR - Failed to load plugin: history
2025-03-14 12:26:35,726 - root - INFO - Registered command: MenuCommand in plugin: menu with command handler
2025-03-14 12:26:35,726 - root - INFO - Completed loading plugins
2025-03-14 12:26:35,726 - root - INFO - Registered command: MultiplyCommand in plugin: multiply
2025-03-14 12:26:35,727 - root - INFO - Completed loading plugins
2025-03-14 12:26:35,728 - root - INFO - Registered command: SubCommand in plugin: sub
2025-03-14 12:26:35,728 - root - INFO - Completed loading plugins
2025-03-14 12:27:23,151 - root - INFO - Exit command entered. Exiting the program
2025-03-14 13:28:52,224 - app.config - INFO - Logging configured with level: DEBUG, file: logs/app.log
2025-03-14 13:28:52,224 - app.history.manager - INFO - History Manager initialised
2025-03-14 13:28:52,228 - app.history.manager - INFO - History file not found, creating new file: 'data/calculation_history.csv'
2025-03-14 13:28:52,228 - app.history.manager - INFO - History manager initialised successfully with history file: {self.history_file}
2025-03-14 13:28:52,229 - root - INFO - History Manager initialized
2025-03-14 13:28:52,229 - root - INFO - Starting Application
2025-03-14 13:28:52,229 - root - INFO - Loading Plugins
2025-03-14 13:28:52,230 - root - DEBUG - Loaded Plugin: add
2025-03-14 13:28:52,231 - root - DEBUG - Found command: AddCommand in plugin: add
2025-03-14 13:28:52,231 - root - INFO - Registered command: AddCommand in plugin: add
2025-03-14 13:28:52,232 - root - INFO - Completed loading plugins
2025-03-14 13:28:52,232 - root - DEBUG - Loaded Plugin: divide
2025-03-14 13:28:52,233 - root - DEBUG - Found command: DivideCommand in plugin: divide
2025-03-14 13:28:52,233 - root - INFO - Registered command: DivideCommand in plugin: divide
2025-03-14 13:28:52,233 - root - INFO - Completed loading plugins
2025-03-14 13:28:52,234 - root - DEBUG - Loaded Plugin: exit
2025-03-14 13:28:52,234 - root - DEBUG - Found command: ExitCommand in plugin: exit
2025-03-14 13:28:52,234 - root - INFO - Registered command: ExitCommand in plugin: exit
2025-03-14 13:28:52,234 - root - INFO - Completed loading plugins
2025-03-14 13:28:52,235 - root - DEBUG - Loaded Plugin: greet
2025-03-14 13:28:52,235 - root - DEBUG - Found command: GreetCommand in plugin: greet
2025-03-14 13:28:52,235 - root - INFO - Registered command: GreetCommand in plugin: greet
2025-03-14 13:28:52,236 - root - INFO - Completed loading plugins
2025-03-14 13:28:52,237 - root - ERROR - Failed to load plugin: history
2025-03-14 13:28:52,237 - root - DEBUG - Loaded Plugin: menu
2025-03-14 13:28:52,237 - root - DEBUG - Found command: MenuCommand in plugin: menu
2025-03-14 13:28:52,238 - root - INFO - Registered command: MenuCommand in plugin: menu with command handler
2025-03-14 13:28:52,238 - root - INFO - Completed loading plugins
2025-03-14 13:28:52,238 - root - DEBUG - Loaded Plugin: multiply
2025-03-14 13:28:52,238 - root - DEBUG - Found command: MultiplyCommand in plugin: multiply
2025-03-14 13:28:52,238 - root - INFO - Registered command: MultiplyCommand in plugin: multiply
2025-03-14 13:28:52,238 - root - INFO - Completed loading plugins
2025-03-14 13:28:52,239 - root - DEBUG - Loaded Plugin: sub
2025-03-14 13:28:52,239 - root - DEBUG - Found command: SubCommand in plugin: sub
2025-03-14 13:28:52,239 - root - INFO - Registered command: SubCommand in plugin: sub
2025-03-14 13:28:52,239 - root - INFO - Completed loading plugins
2025-03-14 13:39:40,848 - root - INFO - Exit command entered. Exiting the program
2025-03-14 13:39:47,829 - app.config - INFO - Logging configured with level: INFO, file: logs/app.log
2025-03-14 13:39:47,829 - app.history.manager - INFO - History Manager initialised
2025-03-14 13:39:47,832 - app.history.manager - INFO - History file not found, creating new file: 'data/calculation_history.csv'
2025-03-14 13:39:47,832 - app.history.manager - INFO - History manager initialised successfully with history file: {self.history_file}
2025-03-14 13:39:47,832 - app.history.manager - INFO - History Manager initialised
2025-03-14 13:39:47,833 - app.history.manager - INFO - History file not found, creating new file: 'data/calculation_history.csv'
2025-03-14 13:39:47,833 - app.history.manager - INFO - History manager initialised successfully with history file: {self.history_file}
2025-03-14 13:39:47,836 - app.history.manager - INFO - Calculation added to history: {'timestamp': '2025-03-14 13:39:47', 'operation': 'add', 'inputs': '[1, 2]', 'result': 3}
2025-03-14 13:39:47,836 - app.history.manager - INFO - History Manager initialised
2025-03-14 13:39:47,836 - app.history.manager - INFO - History file not found, creating new file: 'data/calculation_history.csv'
2025-03-14 13:39:47,837 - app.history.manager - INFO - History manager initialised successfully with history file: {self.history_file}
2025-03-14 13:39:47,837 - root - INFO - History Manager initialized
2025-03-14 13:39:47,837 - root - INFO - Starting Application
2025-03-14 13:39:47,837 - root - INFO - Loading Plugins
2025-03-14 13:39:47,839 - root - INFO - Registered command: AddCommand in plugin: add
2025-03-14 13:39:47,839 - root - INFO - Completed loading plugins
2025-03-14 13:39:47,840 - root - INFO - Registered command: DivideCommand in plugin: divide
2025-03-14 13:39:47,840 - root - INFO - Completed loading plugins
2025-03-14 13:39:47,841 - root - INFO - Registered command: ExitCommand in plugin: exit
2025-03-14 13:39:47,841 - root - INFO - Completed loading plugins
2025-03-14 13:39:47,842 - root - INFO - Registered command: GreetCommand in plugin: greet
2025-03-14 13:39:47,842 - root - INFO - Completed loading plugins
2025-03-14 13:39:47,843 - root - ERROR - Failed to load plugin: history
2025-03-14 13:39:47,844 - root - INFO - Registered command: MenuCommand in plugin: menu with command handler
2025-03-14 13:39:47,844 - root - INFO - Completed loading plugins
2025-03-14 13:39:47,845 - root - INFO - Registered command: MultiplyCommand in plugin: multiply
2025-03-14 13:39:47,845 - root - INFO - Completed loading plugins
2025-03-14 13:39:47,846 - root - INFO - Registered command: SubCommand in plugin: sub
2025-03-14 13:39:47,846 - root - INFO - Completed loading plugins
2025-03-14 13:40:49,919 - root - INFO - Exit command entered. Exiting the program
2025-03-14 13:40:53,314 - app.config - INFO - Logging configured with level: INFO, file: logs/app.log
2025-03-14 13:40:53,315 - app.history.manager - INFO - History Manager initialised
2025-03-14 13:40:53,316 - app.history.manager - INFO - History file not found, creating new file: 'data/calculation_history.csv'
2025-03-14 13:40:53,317 - app.history.manager - INFO - History manager initialised successfully with history file: {self.history_file}
2025-03-14 13:40:53,317 - app.history.manager - INFO - History Manager initialised
2025-03-14 13:40:53,317 - app.history.manager - INFO - History file not found, creating new file: 'data/calculation_history.csv'
2025-03-14 13:40:53,317 - app.history.manager - INFO - History manager initialised successfully with history file: {self.history_file}
2025-03-14 13:40:53,318 - app.history.manager - INFO - Calculation added to history: {'timestamp': '2025-03-14 13:40:53', 'operation': 'add', 'inputs': '[1, 2]', 'result': 3}
2025-03-14 13:40:53,318 - app.history.manager - INFO - History Manager initialised
2025-03-14 13:40:53,319 - app.history.manager - INFO - History file not found, creating new file: 'data/calculation_history.csv'
2025-03-14 13:40:53,319 - app.history.manager - INFO - History manager initialised successfully with history file: {self.history_file}
2025-03-14 13:40:53,319 - root - INFO - History Manager initialized
2025-03-14 13:40:53,319 - root - INFO - Starting Application
2025-03-14 13:40:53,319 - root - INFO - Loading Plugins
2025-03-14 13:40:53,320 - root - INFO - Registered command: AddCommand in plugin: add
2025-03-14 13:40:53,320 - root - INFO - Completed loading plugins
2025-03-14 13:40:53,322 - root - INFO - Registered command: DivideCommand in plugin: divide
2025-03-14 13:40:53,322 - root - INFO - Completed loading plugins
2025-03-14 13:40:53,323 - root - INFO - Registered command: ExitCommand in plugin: exit
2025-03-14 13:40:53,323 - root - INFO - Completed loading plugins
2025-03-14 13:40:53,324 - root - INFO - Registered command: GreetCommand in plugin: greet
2025-03-14 13:40:53,324 - root - INFO - Completed loading plugins
2025-03-14 13:40:53,326 - root - ERROR - Failed to load plugin: history
2025-03-14 13:40:53,326 - root - INFO - Registered command: MenuCommand in plugin: menu with command handler
2025-03-14 13:40:53,327 - root - INFO - Completed loading plugins
2025-03-14 13:40:53,327 - root - INFO - Registered command: MultiplyCommand in plugin: multiply
2025-03-14 13:40:53,327 - root - INFO - Completed loading plugins
2025-03-14 13:40:53,328 - root - INFO - Registered command: SubCommand in plugin: sub
2025-03-14 13:40:53,328 - root - INFO - Completed loading plugins
2025-03-14 13:42:45,353 - root - INFO - Exit command entered. Exiting the program
2025-03-14 13:42:49,674 - app.config - INFO - Logging configured with level: INFO, file: logs/app.log
2025-03-14 13:42:49,674 - app.history.manager - INFO - History Manager initialised
2025-03-14 13:42:49,675 - app.history.manager - INFO - History file not found, creating new file: 'data/calculation_history.csv'
2025-03-14 13:42:49,675 - app.history.manager - INFO - History manager initialised successfully with history file: {self.history_file}
2025-03-14 13:42:49,675 - app.history.manager - INFO - History Manager initialised
2025-03-14 13:42:49,676 - app.history.manager - INFO - History file not found, creating new file: 'data/calculation_history.csv'
2025-03-14 13:42:49,676 - app.history.manager - INFO - History manager initialised successfully with history file: {self.history_file}
2025-03-14 13:42:49,676 - app.history.manager - INFO - Calculation added to history: {'timestamp': '2025-03-14 13:42:49', 'operation': 'add', 'inputs': '[1, 2]', 'result': 3}
2025-03-14 13:42:49,676 - app.history.manager - INFO - History Manager initialised
2025-03-14 13:42:49,677 - app.history.manager - INFO - History file not found, creating new file: 'data/calculation_history.csv'
2025-03-14 13:42:49,677 - app.history.manager - INFO - History manager initialised successfully with history file: {self.history_file}
2025-03-14 13:42:49,677 - root - INFO - History Manager initialized
2025-03-14 13:42:49,677 - root - INFO - Starting Application
2025-03-14 13:42:49,677 - root - INFO - Loading Plugins
2025-03-14 13:42:49,678 - root - INFO - Registered command: AddCommand in plugin: add
2025-03-14 13:42:49,678 - root - INFO - Completed loading plugins
2025-03-14 13:42:49,678 - root - INFO - Registered command: DivideCommand in plugin: divide
2025-03-14 13:42:49,678 - root - INFO - Completed loading plugins
2025-03-14 13:42:49,679 - root - INFO - Registered command: ExitCommand in plugin: exit
2025-03-14 13:42:49,679 - root - INFO - Completed loading plugins
2025-03-14 13:42:49,679 - root - INFO - Registered command: GreetCommand in plugin: greet
2025-03-14 13:42:49,679 - root - INFO - Completed loading plugins
2025-03-14 13:42:49,680 - root - ERROR - Failed to load plugin: history
Traceback (most recent call last):
  File "/home/aakash32/IS601/IS601-Midterm/IS605-midterm/app/__init__.py", line 61, in load_plugins
    plugin_module = importlib.import_module(f'{plugins_package}.{plugin_name}')
                    ^^^^^^^^^^^^^^^^^^^^^^^^^^^^^^^^^^^^^^^^^^^^^^^^^^^^^^^^^^^
  File "/usr/lib/python3.12/importlib/__init__.py", line 90, in import_module
    return _bootstrap._gcd_import(name[level:], package, level)
           ^^^^^^^^^^^^^^^^^^^^^^^^^^^^^^^^^^^^^^^^^^^^^^^^^^^^
  File "<frozen importlib._bootstrap>", line 1387, in _gcd_import
  File "<frozen importlib._bootstrap>", line 1360, in _find_and_load
  File "<frozen importlib._bootstrap>", line 1331, in _find_and_load_unlocked
  File "<frozen importlib._bootstrap>", line 935, in _load_unlocked
  File "<frozen importlib._bootstrap_external>", line 995, in exec_module
  File "<frozen importlib._bootstrap>", line 488, in _call_with_frames_removed
  File "/home/aakash32/IS601/IS601-Midterm/IS605-midterm/app/plugins/history/__init__.py", line 9, in <module>
    from app.history import HistoryManager
ImportError: cannot import name 'HistoryManager' from 'app.history' (/home/aakash32/IS601/IS601-Midterm/IS605-midterm/app/history/__init__.py)
2025-03-14 13:42:49,684 - root - INFO - Registered command: MenuCommand in plugin: menu with command handler
2025-03-14 13:42:49,684 - root - INFO - Completed loading plugins
2025-03-14 13:42:49,685 - root - INFO - Registered command: MultiplyCommand in plugin: multiply
2025-03-14 13:42:49,685 - root - INFO - Completed loading plugins
2025-03-14 13:42:49,685 - root - INFO - Registered command: SubCommand in plugin: sub
2025-03-14 13:42:49,685 - root - INFO - Completed loading plugins
2025-03-14 13:42:56,861 - root - INFO - Exit command entered. Exiting the program
2025-03-14 13:43:00,606 - app.config - INFO - Logging configured with level: INFO, file: logs/app.log
2025-03-14 13:43:00,606 - app.history.manager - INFO - History Manager initialised
2025-03-14 13:43:00,607 - app.history.manager - INFO - History file not found, creating new file: 'data/calculation_history.csv'
2025-03-14 13:43:00,608 - app.history.manager - INFO - History manager initialised successfully with history file: {self.history_file}
2025-03-14 13:43:00,608 - app.history.manager - INFO - History Manager initialised
2025-03-14 13:43:00,608 - app.history.manager - INFO - History file not found, creating new file: 'data/calculation_history.csv'
2025-03-14 13:43:00,608 - app.history.manager - INFO - History manager initialised successfully with history file: {self.history_file}
2025-03-14 13:43:00,609 - app.history.manager - INFO - Calculation added to history: {'timestamp': '2025-03-14 13:43:00', 'operation': 'add', 'inputs': '[1, 2]', 'result': 3}
2025-03-14 13:43:00,609 - app.history.manager - INFO - History Manager initialised
2025-03-14 13:43:00,609 - app.history.manager - INFO - History file not found, creating new file: 'data/calculation_history.csv'
2025-03-14 13:43:00,610 - app.history.manager - INFO - History manager initialised successfully with history file: {self.history_file}
2025-03-14 13:43:00,610 - root - INFO - History Manager initialized
2025-03-14 13:43:00,610 - root - INFO - Starting Application
2025-03-14 13:43:00,610 - root - INFO - Loading Plugins
2025-03-14 13:43:00,610 - root - INFO - Registered command: AddCommand in plugin: add
2025-03-14 13:43:00,610 - root - INFO - Completed loading plugins
2025-03-14 13:43:00,611 - root - INFO - Registered command: DivideCommand in plugin: divide
2025-03-14 13:43:00,611 - root - INFO - Completed loading plugins
2025-03-14 13:43:00,611 - root - INFO - Registered command: ExitCommand in plugin: exit
2025-03-14 13:43:00,611 - root - INFO - Completed loading plugins
2025-03-14 13:43:00,612 - root - INFO - Registered command: GreetCommand in plugin: greet
2025-03-14 13:43:00,612 - root - INFO - Completed loading plugins
2025-03-14 13:43:00,612 - root - ERROR - Failed to load plugin: history
Traceback (most recent call last):
  File "/home/aakash32/IS601/IS601-Midterm/IS605-midterm/app/__init__.py", line 61, in load_plugins
    plugin_module = importlib.import_module(f'{plugins_package}.{plugin_name}')
                    ^^^^^^^^^^^^^^^^^^^^^^^^^^^^^^^^^^^^^^^^^^^^^^^^^^^^^^^^^^^
  File "/usr/lib/python3.12/importlib/__init__.py", line 90, in import_module
    return _bootstrap._gcd_import(name[level:], package, level)
           ^^^^^^^^^^^^^^^^^^^^^^^^^^^^^^^^^^^^^^^^^^^^^^^^^^^^
  File "<frozen importlib._bootstrap>", line 1387, in _gcd_import
  File "<frozen importlib._bootstrap>", line 1360, in _find_and_load
  File "<frozen importlib._bootstrap>", line 1331, in _find_and_load_unlocked
  File "<frozen importlib._bootstrap>", line 935, in _load_unlocked
  File "<frozen importlib._bootstrap_external>", line 995, in exec_module
  File "<frozen importlib._bootstrap>", line 488, in _call_with_frames_removed
  File "/home/aakash32/IS601/IS601-Midterm/IS605-midterm/app/plugins/history/__init__.py", line 9, in <module>
    from app.history import HistoryManager
ImportError: cannot import name 'HistoryManager' from 'app.history' (/home/aakash32/IS601/IS601-Midterm/IS605-midterm/app/history/__init__.py)
2025-03-14 13:43:00,614 - root - INFO - Registered command: MenuCommand in plugin: menu with command handler
2025-03-14 13:43:00,614 - root - INFO - Completed loading plugins
2025-03-14 13:43:00,614 - root - INFO - Registered command: MultiplyCommand in plugin: multiply
2025-03-14 13:43:00,614 - root - INFO - Completed loading plugins
2025-03-14 13:43:00,614 - root - INFO - Registered command: SubCommand in plugin: sub
2025-03-14 13:43:00,615 - root - INFO - Completed loading plugins
2025-03-14 13:46:31,846 - root - INFO - Exit command entered. Exiting the program
2025-03-14 13:46:35,455 - app.config - INFO - Logging configured with level: INFO, file: logs/app.log
2025-03-14 13:46:35,455 - app.history.manager - INFO - History Manager initialised
2025-03-14 13:46:35,458 - app.history.manager - INFO - History file not found, creating new file: 'data/calculation_history.csv'
2025-03-14 13:46:35,458 - app.history.manager - INFO - History manager initialised successfully with history file: {self.history_file}
2025-03-14 13:46:35,458 - app.history.manager - INFO - History Manager initialised
2025-03-14 13:46:35,459 - app.history.manager - INFO - History file not found, creating new file: 'data/calculation_history.csv'
2025-03-14 13:46:35,459 - app.history.manager - INFO - History manager initialised successfully with history file: {self.history_file}
2025-03-14 13:46:35,460 - app.history.manager - INFO - Calculation added to history: {'timestamp': '2025-03-14 13:46:35', 'operation': 'add', 'inputs': '[1, 2]', 'result': 3}
2025-03-14 13:46:35,460 - app.history.manager - INFO - History Manager initialised
2025-03-14 13:46:35,460 - app.history.manager - INFO - History file not found, creating new file: 'data/calculation_history.csv'
2025-03-14 13:46:35,460 - app.history.manager - INFO - History manager initialised successfully with history file: {self.history_file}
2025-03-14 13:46:35,460 - root - INFO - History Manager initialized
2025-03-14 13:46:35,460 - root - INFO - Starting Application
2025-03-14 13:46:35,460 - root - INFO - Loading Plugins
2025-03-14 13:46:35,462 - root - INFO - Registered command: AddCommand in plugin: add
2025-03-14 13:46:35,462 - root - INFO - Completed loading plugins
2025-03-14 13:46:35,463 - root - INFO - Registered command: DivideCommand in plugin: divide
2025-03-14 13:46:35,463 - root - INFO - Completed loading plugins
2025-03-14 13:46:35,464 - root - INFO - Registered command: ExitCommand in plugin: exit
2025-03-14 13:46:35,464 - root - INFO - Completed loading plugins
2025-03-14 13:46:35,465 - root - INFO - Registered command: GreetCommand in plugin: greet
2025-03-14 13:46:35,465 - root - INFO - Completed loading plugins
2025-03-14 13:46:35,466 - app.history.manager - INFO - History Manager initialised
2025-03-14 13:46:35,467 - app.history.manager - INFO - History file not found, creating new file: 'data/calculation_history.csv'
2025-03-14 13:46:35,467 - app.history.manager - INFO - History manager initialised successfully with history file: {self.history_file}
2025-03-14 13:46:35,467 - root - INFO - Registered command: HistoryCommand in plugin: history
2025-03-14 13:46:35,467 - root - INFO - Completed loading plugins
2025-03-14 13:46:35,468 - root - INFO - Registered command: MenuCommand in plugin: menu with command handler
2025-03-14 13:46:35,468 - root - INFO - Completed loading plugins
2025-03-14 13:46:35,469 - root - INFO - Registered command: MultiplyCommand in plugin: multiply
2025-03-14 13:46:35,469 - root - INFO - Completed loading plugins
2025-03-14 13:46:35,470 - root - INFO - Registered command: SubCommand in plugin: sub
2025-03-14 13:46:35,470 - root - INFO - Completed loading plugins
2025-03-14 13:46:51,986 - root - INFO - Exit command entered. Exiting the program
2025-03-14 13:47:05,000 - app.config - INFO - Logging configured with level: INFO, file: logs/app.log
2025-03-14 13:47:05,001 - app.history.manager - INFO - History Manager initialised
2025-03-14 13:47:05,002 - app.history.manager - INFO - History file not found, creating new file: 'data/calculation_history.csv'
2025-03-14 13:47:05,002 - app.history.manager - INFO - History manager initialised successfully with history file: {self.history_file}
2025-03-14 13:47:05,002 - app.history.manager - INFO - History Manager initialised
2025-03-14 13:47:05,002 - app.history.manager - INFO - History file not found, creating new file: 'data/calculation_history.csv'
2025-03-14 13:47:05,002 - app.history.manager - INFO - History manager initialised successfully with history file: {self.history_file}
2025-03-14 13:47:05,003 - app.history.manager - INFO - Calculation added to history: {'timestamp': '2025-03-14 13:47:05', 'operation': 'add', 'inputs': '[1, 2]', 'result': 3}
2025-03-14 13:47:05,003 - app.history.manager - INFO - History Manager initialised
2025-03-14 13:47:05,004 - app.history.manager - INFO - History file not found, creating new file: 'data/calculation_history.csv'
2025-03-14 13:47:05,004 - app.history.manager - INFO - History manager initialised successfully with history file: {self.history_file}
2025-03-14 13:47:05,004 - root - INFO - History Manager initialized
2025-03-14 13:47:05,004 - root - INFO - Starting Application
2025-03-14 13:47:05,004 - root - INFO - Loading Plugins
2025-03-14 13:47:05,004 - root - INFO - Registered command: AddCommand in plugin: add
2025-03-14 13:47:05,005 - root - INFO - Completed loading plugins
2025-03-14 13:47:05,005 - root - INFO - Registered command: DivideCommand in plugin: divide
2025-03-14 13:47:05,005 - root - INFO - Completed loading plugins
2025-03-14 13:47:05,006 - root - INFO - Registered command: ExitCommand in plugin: exit
2025-03-14 13:47:05,006 - root - INFO - Completed loading plugins
2025-03-14 13:47:05,006 - root - INFO - Registered command: GreetCommand in plugin: greet
2025-03-14 13:47:05,006 - root - INFO - Completed loading plugins
2025-03-14 13:47:05,007 - app.history.manager - INFO - History Manager initialised
2025-03-14 13:47:05,007 - app.history.manager - INFO - History file not found, creating new file: 'data/calculation_history.csv'
2025-03-14 13:47:05,007 - app.history.manager - INFO - History manager initialised successfully with history file: {self.history_file}
2025-03-14 13:47:05,007 - root - INFO - Registered command: HistoryCommand in plugin: history
2025-03-14 13:47:05,008 - root - INFO - Completed loading plugins
2025-03-14 13:47:05,008 - root - INFO - Registered command: MenuCommand in plugin: menu with command handler
2025-03-14 13:47:05,008 - root - INFO - Completed loading plugins
2025-03-14 13:47:05,008 - root - INFO - Registered command: MultiplyCommand in plugin: multiply
2025-03-14 13:47:05,008 - root - INFO - Completed loading plugins
2025-03-14 13:47:05,009 - root - INFO - Registered command: SubCommand in plugin: sub
2025-03-14 13:47:05,009 - root - INFO - Completed loading plugins
2025-03-14 13:47:19,763 - root - INFO - Menu Command Executed
2025-03-14 13:47:39,640 - root - INFO - Executing Add Command
2025-03-14 13:47:42,956 - root - INFO - Value entered: 3.0
2025-03-14 13:47:43,834 - root - INFO - Value entered: 4.0
2025-03-14 13:47:43,834 - root - INFO - Addition Performed: 3.0 + 4.0 = 7.0
2025-03-14 13:47:56,576 - root - INFO - Executing Sub Command
2025-03-14 13:47:58,617 - root - INFO - Value entered: 3.0
2025-03-14 13:48:00,219 - root - INFO - Value entered: 234.0
2025-03-14 13:48:00,219 - root - INFO - Subtraction Performed: 3.0 - 234.0 = -231.0
2025-03-14 13:59:24,647 - root - INFO - Exit command entered. Exiting the program
2025-03-14 18:03:52,927 - app.config - INFO - Logging configured with level: INFO, file: logs/app.log
2025-03-14 18:03:52,929 - app.history.manager - INFO - History Manager initialised
2025-03-14 18:03:52,930 - app.history.manager - INFO - History loaded from data/calculation_history.csv
2025-03-14 18:03:52,930 - app.history.manager - INFO - History manager initialised successfully with history file: {self.history_file}
2025-03-14 18:03:52,930 - app.history.manager - INFO - History Manager initialised
2025-03-14 18:03:52,931 - app.history.manager - INFO - History loaded from data/calculation_history.csv
2025-03-14 18:03:52,931 - app.history.manager - INFO - History manager initialised successfully with history file: {self.history_file}
2025-03-14 18:03:52,931 - app.history.manager - INFO - Calculation added to history: {'timestamp': '2025-03-14 18:03:52', 'operation': 'add', 'inputs': '[1, 2]', 'result': 3}
2025-03-14 18:03:52,931 - app.history.manager - INFO - History Manager initialised
2025-03-14 18:03:52,932 - app.history.manager - INFO - History loaded from data/calculation_history.csv
2025-03-14 18:03:52,932 - app.history.manager - INFO - History manager initialised successfully with history file: {self.history_file}
2025-03-14 18:03:52,932 - app.history.manager - INFO - History saved to data/calculation_history.csv
2025-03-14 18:03:52,932 - root - INFO - History Manager initialized
2025-03-14 18:03:52,933 - root - INFO - Starting Application
2025-03-14 18:03:52,933 - root - INFO - Loading Plugins
2025-03-14 18:03:52,933 - root - INFO - Registered command: AddCommand in plugin: add
2025-03-14 18:03:52,933 - root - INFO - Completed loading plugins
2025-03-14 18:03:52,933 - root - INFO - Registered command: DivideCommand in plugin: divide
2025-03-14 18:03:52,933 - root - INFO - Completed loading plugins
2025-03-14 18:03:52,934 - root - INFO - Registered command: ExitCommand in plugin: exit
2025-03-14 18:03:52,934 - root - INFO - Completed loading plugins
2025-03-14 18:03:52,934 - root - INFO - Registered command: GreetCommand in plugin: greet
2025-03-14 18:03:52,934 - root - INFO - Completed loading plugins
2025-03-14 18:03:52,934 - app.history.manager - INFO - History Manager initialised
2025-03-14 18:03:52,936 - app.history.manager - INFO - History loaded from data/calculation_history.csv
2025-03-14 18:03:52,936 - app.history.manager - INFO - History manager initialised successfully with history file: {self.history_file}
2025-03-14 18:03:52,936 - root - INFO - Registered command: HistoryCommand in plugin: history
2025-03-14 18:03:52,936 - root - INFO - Completed loading plugins
2025-03-14 18:03:52,936 - root - INFO - Registered command: MenuCommand in plugin: menu with command handler
2025-03-14 18:03:52,936 - root - INFO - Completed loading plugins
2025-03-14 18:03:52,936 - root - INFO - Registered command: MultiplyCommand in plugin: multiply
2025-03-14 18:03:52,936 - root - INFO - Completed loading plugins
2025-03-14 18:03:52,937 - root - INFO - Registered command: SubCommand in plugin: sub
2025-03-14 18:03:52,937 - root - INFO - Completed loading plugins
2025-03-14 18:03:55,700 - root - INFO - Executing Add Command
2025-03-14 18:03:56,753 - root - INFO - Value entered: 3.0
2025-03-14 18:03:57,821 - root - INFO - Value entered: 32.0
2025-03-14 18:03:57,821 - root - INFO - Addition Performed: 3.0 + 32.0 = 35.0
2025-03-14 18:04:20,414 - root - INFO - Exit command entered. Exiting the program
2025-03-14 18:04:45,172 - app.config - INFO - Logging configured with level: INFO, file: logs/app.log
2025-03-14 18:04:45,173 - app.history.manager - INFO - History Manager initialised
2025-03-14 18:04:45,174 - app.history.manager - INFO - History loaded from data/calculation_history.csv
2025-03-14 18:04:45,174 - app.history.manager - INFO - History manager initialised successfully with history file: {self.history_file}
2025-03-14 18:04:45,174 - app.history.manager - INFO - History Manager initialised
2025-03-14 18:04:45,175 - app.history.manager - INFO - History loaded from data/calculation_history.csv
2025-03-14 18:04:45,175 - app.history.manager - INFO - History manager initialised successfully with history file: {self.history_file}
2025-03-14 18:04:45,176 - app.history.manager - INFO - Calculation added to history: {'timestamp': '2025-03-14 18:04:45', 'operation': 'add', 'inputs': '[1, 2]', 'result': 3}
2025-03-14 18:04:45,176 - app.history.manager - INFO - History Manager initialised
2025-03-14 18:04:45,176 - app.history.manager - INFO - History loaded from data/calculation_history.csv
2025-03-14 18:04:45,176 - app.history.manager - INFO - History manager initialised successfully with history file: {self.history_file}
2025-03-14 18:04:45,177 - app.history.manager - INFO - History saved to data/calculation_history.csv
2025-03-14 18:04:45,177 - root - INFO - History Manager initialized
2025-03-14 18:04:45,178 - root - INFO - Starting Application
2025-03-14 18:04:45,178 - root - INFO - Loading Plugins
2025-03-14 18:04:45,178 - root - INFO - Registered command: AddCommand in plugin: add
2025-03-14 18:04:45,179 - root - INFO - Completed loading plugins
2025-03-14 18:04:45,179 - root - INFO - Registered command: DivideCommand in plugin: divide
2025-03-14 18:04:45,179 - root - INFO - Completed loading plugins
2025-03-14 18:04:45,180 - root - INFO - Registered command: ExitCommand in plugin: exit
2025-03-14 18:04:45,180 - root - INFO - Completed loading plugins
2025-03-14 18:04:45,180 - root - INFO - Registered command: GreetCommand in plugin: greet
2025-03-14 18:04:45,180 - root - INFO - Completed loading plugins
2025-03-14 18:04:45,182 - app.history.manager - INFO - History Manager initialised
2025-03-14 18:04:45,183 - app.history.manager - INFO - History loaded from data/calculation_history.csv
2025-03-14 18:04:45,183 - app.history.manager - INFO - History manager initialised successfully with history file: {self.history_file}
2025-03-14 18:04:45,183 - root - INFO - Registered command: HistoryCommand in plugin: history
2025-03-14 18:04:45,183 - root - INFO - Completed loading plugins
2025-03-14 18:04:45,184 - root - INFO - Registered command: MenuCommand in plugin: menu with command handler
2025-03-14 18:04:45,184 - root - INFO - Completed loading plugins
2025-03-14 18:04:45,184 - root - INFO - Registered command: MultiplyCommand in plugin: multiply
2025-03-14 18:04:45,184 - root - INFO - Completed loading plugins
2025-03-14 18:04:45,185 - root - INFO - Registered command: SubCommand in plugin: sub
2025-03-14 18:04:45,185 - root - INFO - Completed loading plugins
2025-03-14 18:04:49,158 - root - INFO - Executing Add Command
2025-03-14 18:04:50,130 - root - INFO - Value entered: 5.0
2025-03-14 18:04:50,815 - root - INFO - Value entered: 6.0
2025-03-14 18:04:50,815 - root - INFO - Addition Performed: 5.0 + 6.0 = 11.0
2025-03-14 18:04:56,014 - app.history.manager - INFO - History saved to data/calculation_history.csv
2025-03-14 18:05:29,162 - root - INFO - Exit command entered. Exiting the program
2025-03-14 18:06:27,622 - app.config - INFO - Logging configured with level: INFO, file: logs/app.log
2025-03-14 18:06:27,623 - app.history.manager - INFO - History Manager initialised
2025-03-14 18:06:27,624 - app.history.manager - INFO - History loaded from data/calculation_history.csv
2025-03-14 18:06:27,624 - app.history.manager - INFO - History manager initialised successfully with history file: {self.history_file}
2025-03-14 18:06:27,624 - app.history.manager - INFO - History Manager initialised
2025-03-14 18:06:27,624 - app.history.manager - INFO - History loaded from data/calculation_history.csv
2025-03-14 18:06:27,624 - app.history.manager - INFO - History manager initialised successfully with history file: {self.history_file}
2025-03-14 18:06:27,625 - app.history.manager - INFO - Calculation added to history: {'timestamp': '2025-03-14 18:06:27', 'operation': 'add', 'inputs': '[1, 2]', 'result': 3}
2025-03-14 18:06:27,625 - app.history.manager - INFO - History Manager initialised
2025-03-14 18:06:27,625 - app.history.manager - INFO - History loaded from data/calculation_history.csv
2025-03-14 18:06:27,625 - app.history.manager - INFO - History manager initialised successfully with history file: {self.history_file}
2025-03-14 18:06:27,626 - app.history.manager - INFO - History saved to data/calculation_history.csv
2025-03-14 18:06:27,626 - root - INFO - History Manager initialized
2025-03-14 18:06:27,626 - root - INFO - Starting Application
2025-03-14 18:06:27,626 - root - INFO - Loading Plugins
2025-03-14 18:06:27,626 - root - INFO - Registered command: AddCommand in plugin: add
2025-03-14 18:06:27,626 - root - INFO - Completed loading plugins
2025-03-14 18:06:27,627 - root - INFO - Registered command: DivideCommand in plugin: divide
2025-03-14 18:06:27,627 - root - INFO - Completed loading plugins
2025-03-14 18:06:27,627 - root - INFO - Registered command: ExitCommand in plugin: exit
2025-03-14 18:06:27,627 - root - INFO - Completed loading plugins
2025-03-14 18:06:27,627 - root - INFO - Registered command: GreetCommand in plugin: greet
2025-03-14 18:06:27,627 - root - INFO - Completed loading plugins
2025-03-14 18:06:27,628 - app.history.manager - INFO - History Manager initialised
2025-03-14 18:06:27,629 - app.history.manager - INFO - History loaded from data/calculation_history.csv
2025-03-14 18:06:27,629 - app.history.manager - INFO - History manager initialised successfully with history file: {self.history_file}
2025-03-14 18:06:27,629 - root - INFO - Registered command: HistoryCommand in plugin: history
2025-03-14 18:06:27,629 - root - INFO - Completed loading plugins
2025-03-14 18:06:27,629 - root - INFO - Registered command: MenuCommand in plugin: menu with command handler
2025-03-14 18:06:27,629 - root - INFO - Completed loading plugins
2025-03-14 18:06:27,630 - root - INFO - Registered command: MultiplyCommand in plugin: multiply
2025-03-14 18:06:27,630 - root - INFO - Completed loading plugins
2025-03-14 18:06:27,630 - root - INFO - Registered command: SubCommand in plugin: sub
2025-03-14 18:06:27,630 - root - INFO - Completed loading plugins
2025-03-14 18:24:58,975 - root - INFO - Exit command entered. Exiting the program
2025-03-14 18:25:34,669 - app.config - INFO - Logging configured with level: INFO, file: logs/app.log
2025-03-14 18:25:34,669 - app.history.manager - INFO - History Manager initialised
2025-03-14 18:25:34,670 - app.history.manager - INFO - History loaded from data/calculation_history.csv
2025-03-14 18:25:34,670 - app.history.manager - INFO - History manager initialised successfully with history file: {self.history_file}
2025-03-14 18:25:34,670 - app.history.manager - INFO - History Manager initialised
2025-03-14 18:25:34,671 - app.history.manager - INFO - History loaded from data/calculation_history.csv
2025-03-14 18:25:34,671 - app.history.manager - INFO - History manager initialised successfully with history file: {self.history_file}
2025-03-14 18:25:34,671 - app.history.manager - INFO - Calculation added to history: {'timestamp': '2025-03-14 18:25:34', 'operation': 'add', 'inputs': '[1, 2]', 'result': 3}
2025-03-14 18:25:34,671 - app.history.manager - INFO - History Manager initialised
2025-03-14 18:25:34,672 - app.history.manager - INFO - History loaded from data/calculation_history.csv
2025-03-14 18:25:34,672 - app.history.manager - INFO - History manager initialised successfully with history file: {self.history_file}
2025-03-14 18:25:34,673 - app.history.manager - INFO - History saved to data/calculation_history.csv
2025-03-14 18:25:34,673 - root - INFO - History Manager initialized
2025-03-14 18:25:34,673 - root - INFO - Starting Application
2025-03-14 18:25:34,673 - root - INFO - Loading Plugins
2025-03-14 18:25:34,673 - root - INFO - Registered command: AddCommand in plugin: add
2025-03-14 18:25:34,673 - root - INFO - Completed loading plugins
2025-03-14 18:25:34,673 - root - INFO - Registered command: DivideCommand in plugin: divide
2025-03-14 18:25:34,674 - root - INFO - Completed loading plugins
2025-03-14 18:25:34,674 - root - INFO - Registered command: ExitCommand in plugin: exit
2025-03-14 18:25:34,674 - root - INFO - Completed loading plugins
2025-03-14 18:25:34,674 - root - INFO - Registered command: GreetCommand in plugin: greet
2025-03-14 18:25:34,674 - root - INFO - Completed loading plugins
2025-03-14 18:25:34,675 - app.history.manager - INFO - History Manager initialised
2025-03-14 18:25:34,676 - app.history.manager - INFO - History loaded from data/calculation_history.csv
2025-03-14 18:25:34,676 - app.history.manager - INFO - History manager initialised successfully with history file: {self.history_file}
2025-03-14 18:25:34,676 - root - INFO - Registered command: HistoryCommand in plugin: history
2025-03-14 18:25:34,676 - root - INFO - Completed loading plugins
2025-03-14 18:25:34,676 - root - INFO - Registered command: MenuCommand in plugin: menu with command handler
2025-03-14 18:25:34,676 - root - INFO - Completed loading plugins
2025-03-14 18:25:34,677 - root - INFO - Registered command: MultiplyCommand in plugin: multiply
2025-03-14 18:25:34,677 - root - INFO - Completed loading plugins
2025-03-14 18:25:34,677 - root - INFO - Registered command: SubCommand in plugin: sub
2025-03-14 18:25:34,677 - root - INFO - Completed loading plugins
2025-03-14 18:25:36,976 - root - INFO - Executing Add Command
2025-03-14 18:25:37,685 - root - INFO - Value entered: 3.0
2025-03-14 18:25:38,831 - root - INFO - Value entered: 32.0
2025-03-14 18:25:38,831 - root - INFO - Addition Performed: 3.0 + 32.0 = 35.0
2025-03-14 18:25:38,832 - app.history.manager - INFO - History Manager initialised
2025-03-14 18:25:38,833 - app.history.manager - INFO - History loaded from data/calculation_history.csv
2025-03-14 18:25:38,834 - app.history.manager - INFO - History manager initialised successfully with history file: {self.history_file}
2025-03-14 18:25:38,835 - app.history.manager - INFO - Calculation added to history: {'timestamp': '2025-03-14 18:25:38', 'operation': 'add', 'inputs': '[3.0, 32.0]', 'result': 35.0}
2025-03-14 18:25:38,836 - app.history.manager - INFO - History saved to data/calculation_history.csv
2025-03-14 18:26:30,164 - app.history.manager - INFO - History Cleared
2025-03-14 18:26:49,388 - root - INFO - Executing Add Command
2025-03-14 18:26:52,559 - root - INFO - Value entered: 45.0
2025-03-14 18:26:54,020 - root - INFO - Value entered: 34.0
2025-03-14 18:26:54,020 - root - INFO - Addition Performed: 45.0 + 34.0 = 79.0
2025-03-14 18:26:54,020 - app.history.manager - INFO - History Manager initialised
2025-03-14 18:26:54,023 - app.history.manager - INFO - History loaded from data/calculation_history.csv
2025-03-14 18:26:54,023 - app.history.manager - INFO - History manager initialised successfully with history file: {self.history_file}
2025-03-14 18:26:54,023 - app.history.manager - INFO - Calculation added to history: {'timestamp': '2025-03-14 18:26:54', 'operation': 'add', 'inputs': '[45.0, 34.0]', 'result': 79.0}
2025-03-14 18:26:54,024 - app.history.manager - INFO - History saved to data/calculation_history.csv
2025-03-14 18:27:50,199 - root - INFO - Executing Sub Command
2025-03-14 18:27:51,374 - root - INFO - Value entered: 23.0
2025-03-14 18:27:53,007 - root - INFO - Value entered: 20.0
2025-03-14 18:27:53,007 - root - INFO - Subtraction Performed: 23.0 - 20.0 = 3.0
2025-03-14 18:27:53,007 - app.history.manager - INFO - History Manager initialised
2025-03-14 18:27:53,010 - app.history.manager - INFO - History loaded from data/calculation_history.csv
2025-03-14 18:27:53,010 - app.history.manager - INFO - History manager initialised successfully with history file: {self.history_file}
2025-03-14 18:27:53,011 - app.history.manager - INFO - Calculation added to history: {'timestamp': '2025-03-14 18:27:53', 'operation': 'sub', 'inputs': '[23.0, 20.0]', 'result': 3.0}
2025-03-14 18:27:53,012 - app.history.manager - INFO - History saved to data/calculation_history.csv
2025-03-14 18:54:09,222 - root - INFO - Exit command entered. Exiting the program
2025-03-14 20:01:23,678 - app.config - INFO - Logging configured with level: INFO, file: logs/app.log
2025-03-14 20:01:23,678 - app.history.manager - INFO - History Manager initialised
2025-03-14 20:01:23,681 - app.history.manager - INFO - History loaded from data/calculation_history.csv
2025-03-14 20:01:23,681 - app.history.manager - INFO - History manager initialised successfully with history file: {self.history_file}
2025-03-14 20:01:23,681 - app.history.manager - INFO - History Manager initialised
2025-03-14 20:01:23,682 - app.history.manager - INFO - History loaded from data/calculation_history.csv
2025-03-14 20:01:23,682 - app.history.manager - INFO - History manager initialised successfully with history file: {self.history_file}
2025-03-14 20:01:23,682 - app.history.manager - INFO - Calculation added to history: {'timestamp': '2025-03-14 20:01:23', 'operation': 'add', 'inputs': '[1, 2]', 'result': 3}
2025-03-14 20:01:23,683 - app.history.manager - INFO - History Manager initialised
2025-03-14 20:01:23,683 - app.history.manager - INFO - History loaded from data/calculation_history.csv
2025-03-14 20:01:23,683 - app.history.manager - INFO - History manager initialised successfully with history file: {self.history_file}
2025-03-14 20:01:23,684 - app.history.manager - INFO - History saved to data/calculation_history.csv
2025-03-14 20:01:23,684 - root - INFO - History Manager initialized
2025-03-14 20:01:23,685 - root - INFO - Starting Application
2025-03-14 20:01:23,685 - root - INFO - Loading Plugins
2025-03-14 20:01:23,685 - root - INFO - Registered command: AddCommand in plugin: add
2025-03-14 20:01:23,685 - root - INFO - Completed loading plugins
2025-03-14 20:01:23,686 - root - INFO - Registered command: DivideCommand in plugin: divide
2025-03-14 20:01:23,686 - root - INFO - Completed loading plugins
2025-03-14 20:01:23,686 - root - INFO - Registered command: ExitCommand in plugin: exit
2025-03-14 20:01:23,686 - root - INFO - Completed loading plugins
2025-03-14 20:01:23,687 - root - INFO - Registered command: GreetCommand in plugin: greet
2025-03-14 20:01:23,687 - root - INFO - Completed loading plugins
2025-03-14 20:01:23,688 - app.history.manager - INFO - History Manager initialised
2025-03-14 20:01:23,689 - app.history.manager - INFO - History loaded from data/calculation_history.csv
2025-03-14 20:01:23,690 - app.history.manager - INFO - History manager initialised successfully with history file: {self.history_file}
2025-03-14 20:01:23,690 - root - INFO - Registered command: HistoryCommand in plugin: history
2025-03-14 20:01:23,690 - root - INFO - Completed loading plugins
2025-03-14 20:01:23,690 - root - INFO - Registered command: MenuCommand in plugin: menu with command handler
2025-03-14 20:01:23,690 - root - INFO - Completed loading plugins
2025-03-14 20:01:23,690 - root - INFO - Registered command: MultiplyCommand in plugin: multiply
2025-03-14 20:01:23,691 - root - INFO - Completed loading plugins
2025-03-14 20:01:23,691 - root - INFO - Registered command: SubCommand in plugin: sub
2025-03-14 20:01:23,691 - root - INFO - Completed loading plugins
2025-03-14 20:01:36,061 - root - INFO - Executing Add Command
2025-03-14 20:01:38,211 - root - INFO - Value entered: 45.0
2025-03-14 20:01:42,762 - root - INFO - Value entered: 46.0
2025-03-14 20:01:42,762 - root - INFO - Addition Performed: 45.0 + 46.0 = 91.0
2025-03-14 20:01:42,762 - app.history.manager - INFO - History Manager initialised
2025-03-14 20:01:42,764 - app.history.manager - INFO - History loaded from data/calculation_history.csv
2025-03-14 20:01:42,764 - app.history.manager - INFO - History manager initialised successfully with history file: {self.history_file}
2025-03-14 20:01:42,765 - app.history.manager - INFO - Calculation added to history: {'timestamp': '2025-03-14 20:01:42', 'operation': 'add', 'inputs': '[45.0, 46.0]', 'result': 91.0}
2025-03-14 20:01:42,768 - app.history.manager - INFO - History saved to data/calculation_history.csv
2025-03-14 20:02:34,886 - app.history.manager - INFO - History saved to data/calculation_history.csv
2025-03-14 20:03:13,056 - root - INFO - Exit command entered. Exiting the program
2025-03-14 20:03:25,483 - app.config - INFO - Logging configured with level: INFO, file: logs/app.log
2025-03-14 20:03:25,483 - app.history.manager - INFO - History Manager initialised
2025-03-14 20:03:25,484 - app.history.manager - INFO - History loaded from data/calculation_history.csv
2025-03-14 20:03:25,485 - app.history.manager - INFO - History manager initialised successfully with history file: {self.history_file}
2025-03-14 20:03:25,485 - app.history.manager - INFO - History Manager initialised
2025-03-14 20:03:25,485 - app.history.manager - INFO - History loaded from data/calculation_history.csv
2025-03-14 20:03:25,485 - app.history.manager - INFO - History manager initialised successfully with history file: {self.history_file}
2025-03-14 20:03:25,486 - app.history.manager - INFO - Calculation added to history: {'timestamp': '2025-03-14 20:03:25', 'operation': 'add', 'inputs': '[1, 2]', 'result': 3}
2025-03-14 20:03:25,486 - app.history.manager - INFO - History Manager initialised
2025-03-14 20:03:25,486 - app.history.manager - INFO - History loaded from data/calculation_history.csv
2025-03-14 20:03:25,486 - app.history.manager - INFO - History manager initialised successfully with history file: {self.history_file}
2025-03-14 20:03:25,487 - app.history.manager - INFO - History saved to data/calculation_history.csv
2025-03-14 20:03:25,487 - root - INFO - History Manager initialized
2025-03-14 20:03:25,487 - root - INFO - Starting Application
2025-03-14 20:03:25,487 - root - INFO - Loading Plugins
2025-03-14 20:03:25,488 - root - INFO - Registered command: AddCommand in plugin: add
2025-03-14 20:03:25,488 - root - INFO - Completed loading plugins
2025-03-14 20:03:25,488 - root - INFO - Registered command: DivideCommand in plugin: divide
2025-03-14 20:03:25,488 - root - INFO - Completed loading plugins
2025-03-14 20:03:25,488 - root - INFO - Registered command: ExitCommand in plugin: exit
2025-03-14 20:03:25,488 - root - INFO - Completed loading plugins
2025-03-14 20:03:25,489 - root - INFO - Registered command: GreetCommand in plugin: greet
2025-03-14 20:03:25,489 - root - INFO - Completed loading plugins
2025-03-14 20:03:25,489 - app.history.manager - INFO - History Manager initialised
2025-03-14 20:03:25,490 - app.history.manager - INFO - History loaded from data/calculation_history.csv
2025-03-14 20:03:25,491 - app.history.manager - INFO - History manager initialised successfully with history file: {self.history_file}
2025-03-14 20:03:25,491 - root - INFO - Registered command: HistoryCommand in plugin: history
2025-03-14 20:03:25,491 - root - INFO - Completed loading plugins
2025-03-14 20:03:25,491 - root - INFO - Registered command: MenuCommand in plugin: menu with command handler
2025-03-14 20:03:25,491 - root - INFO - Completed loading plugins
2025-03-14 20:03:25,491 - root - INFO - Registered command: MultiplyCommand in plugin: multiply
2025-03-14 20:03:25,491 - root - INFO - Completed loading plugins
2025-03-14 20:03:25,491 - root - INFO - Registered command: SubCommand in plugin: sub
2025-03-14 20:03:25,491 - root - INFO - Completed loading plugins
2025-03-14 20:03:29,970 - root - INFO - Executing Add Command
2025-03-14 20:03:30,687 - root - INFO - Value entered: 23.0
2025-03-14 20:03:31,453 - root - INFO - Value entered: 432.0
2025-03-14 20:03:31,453 - root - INFO - Addition Performed: 23.0 + 432.0 = 455.0
2025-03-14 20:03:31,453 - app.history.manager - INFO - History Manager initialised
2025-03-14 20:03:31,455 - app.history.manager - INFO - History loaded from data/calculation_history.csv
2025-03-14 20:03:31,455 - app.history.manager - INFO - History manager initialised successfully with history file: {self.history_file}
2025-03-14 20:03:31,455 - app.history.manager - INFO - Calculation added to history: {'timestamp': '2025-03-14 20:03:31', 'operation': 'add', 'inputs': '[23.0, 432.0]', 'result': 455.0}
2025-03-14 20:03:31,456 - app.history.manager - INFO - History saved to data/calculation_history.csv
2025-03-14 20:04:00,266 - root - INFO - Value entered: 23.0
2025-03-14 20:04:01,068 - root - INFO - Value entered: 234.0
2025-03-14 20:04:01,068 - root - INFO - Multiplication Performed: 23.0 * 234.0 = 5382.0
2025-03-14 20:04:01,068 - app.history.manager - INFO - History Manager initialised
2025-03-14 20:04:01,070 - app.history.manager - INFO - History loaded from data/calculation_history.csv
2025-03-14 20:04:01,070 - app.history.manager - INFO - History manager initialised successfully with history file: {self.history_file}
2025-03-14 20:04:01,071 - app.history.manager - INFO - Calculation added to history: {'timestamp': '2025-03-14 20:04:01', 'operation': 'multiply', 'inputs': '[23.0, 234.0]', 'result': 5382.0}
2025-03-14 20:04:01,072 - app.history.manager - INFO - History saved to data/calculation_history.csv
2025-03-14 20:04:09,773 - root - INFO - Exit command entered. Exiting the program
